<?xml version="1.0" encoding="UTF-8"?>
<testsuites name="jest tests" tests="10" failures="3" errors="0" time="7.318">
  <testsuite name="undefined" errors="0" failures="3" skipped="0" timestamp="2023-09-08T12:09:49" time="7.098" tests="10">
    <testcase classname=" isInteger identifies integers correctly" name=" isInteger identifies integers correctly" time="0.003">
    </testcase>
    <testcase classname=" handleOverflow handles values correctly" name=" handleOverflow handles values correctly" time="0.003">
    </testcase>
    <testcase classname=" performOperation executes the operation correctly" name=" performOperation executes the operation correctly" time="0.033">
    </testcase>
    <testcase classname=" addition works correctly" name=" addition works correctly" time="0.008">
      <failure>Error: expect(received).toEqual(expected) // deep equality

- Expected  - 1
+ Received  + 1

  Array [
-   5,
+   5n,
    false,
  ]
    at Object.&lt;anonymous&gt; (/Users/piotr/Desktop/Kodowanie/zadania itTicket/exercise-project/src/helpers/math-operations.test.ts:26:23)
    at Promise.then.completed (/Users/piotr/Desktop/Kodowanie/zadania itTicket/exercise-project/node_modules/jest-circus/build/utils.js:298:28)
    at new Promise (&lt;anonymous&gt;)
    at callAsyncCircusFn (/Users/piotr/Desktop/Kodowanie/zadania itTicket/exercise-project/node_modules/jest-circus/build/utils.js:231:10)
    at _callCircusTest (/Users/piotr/Desktop/Kodowanie/zadania itTicket/exercise-project/node_modules/jest-circus/build/run.js:316:40)
    at processTicksAndRejections (node:internal/process/task_queues:96:5)
    at _runTest (/Users/piotr/Desktop/Kodowanie/zadania itTicket/exercise-project/node_modules/jest-circus/build/run.js:252:3)
    at _runTestsForDescribeBlock (/Users/piotr/Desktop/Kodowanie/zadania itTicket/exercise-project/node_modules/jest-circus/build/run.js:126:9)
    at run (/Users/piotr/Desktop/Kodowanie/zadania itTicket/exercise-project/node_modules/jest-circus/build/run.js:71:3)
    at runAndTransformResultsToJestFormat (/Users/piotr/Desktop/Kodowanie/zadania itTicket/exercise-project/node_modules/jest-circus/build/legacy-code-todo-rewrite/jestAdapterInit.js:122:21)
    at jestAdapter (/Users/piotr/Desktop/Kodowanie/zadania itTicket/exercise-project/node_modules/jest-circus/build/legacy-code-todo-rewrite/jestAdapter.js:79:19)
    at runTestInternal (/Users/piotr/Desktop/Kodowanie/zadania itTicket/exercise-project/node_modules/jest-runner/build/runTest.js:367:16)
    at runTest (/Users/piotr/Desktop/Kodowanie/zadania itTicket/exercise-project/node_modules/jest-runner/build/runTest.js:444:34)</failure>
    </testcase>
    <testcase classname=" subtraction works correctly" name=" subtraction works correctly" time="0.002">
      <failure>Error: expect(received).toEqual(expected) // deep equality

- Expected  - 1
+ Received  + 1

  Array [
-   2,
+   2n,
    false,
  ]
    at Object.&lt;anonymous&gt; (/Users/piotr/Desktop/Kodowanie/zadania itTicket/exercise-project/src/helpers/math-operations.test.ts:34:28)
    at Promise.then.completed (/Users/piotr/Desktop/Kodowanie/zadania itTicket/exercise-project/node_modules/jest-circus/build/utils.js:298:28)
    at new Promise (&lt;anonymous&gt;)
    at callAsyncCircusFn (/Users/piotr/Desktop/Kodowanie/zadania itTicket/exercise-project/node_modules/jest-circus/build/utils.js:231:10)
    at _callCircusTest (/Users/piotr/Desktop/Kodowanie/zadania itTicket/exercise-project/node_modules/jest-circus/build/run.js:316:40)
    at processTicksAndRejections (node:internal/process/task_queues:96:5)
    at _runTest (/Users/piotr/Desktop/Kodowanie/zadania itTicket/exercise-project/node_modules/jest-circus/build/run.js:252:3)
    at _runTestsForDescribeBlock (/Users/piotr/Desktop/Kodowanie/zadania itTicket/exercise-project/node_modules/jest-circus/build/run.js:126:9)
    at run (/Users/piotr/Desktop/Kodowanie/zadania itTicket/exercise-project/node_modules/jest-circus/build/run.js:71:3)
    at runAndTransformResultsToJestFormat (/Users/piotr/Desktop/Kodowanie/zadania itTicket/exercise-project/node_modules/jest-circus/build/legacy-code-todo-rewrite/jestAdapterInit.js:122:21)
    at jestAdapter (/Users/piotr/Desktop/Kodowanie/zadania itTicket/exercise-project/node_modules/jest-circus/build/legacy-code-todo-rewrite/jestAdapter.js:79:19)
    at runTestInternal (/Users/piotr/Desktop/Kodowanie/zadania itTicket/exercise-project/node_modules/jest-runner/build/runTest.js:367:16)
    at runTest (/Users/piotr/Desktop/Kodowanie/zadania itTicket/exercise-project/node_modules/jest-runner/build/runTest.js:444:34)</failure>
    </testcase>
    <testcase classname=" multiplication works correctly" name=" multiplication works correctly" time="0.001">
      <failure>Error: expect(received).toEqual(expected) // deep equality

- Expected  - 1
+ Received  + 1

  Array [
-   6,
+   6n,
    false,
  ]
    at Object.&lt;anonymous&gt; (/Users/piotr/Desktop/Kodowanie/zadania itTicket/exercise-project/src/helpers/math-operations.test.ts:42:28)
    at Promise.then.completed (/Users/piotr/Desktop/Kodowanie/zadania itTicket/exercise-project/node_modules/jest-circus/build/utils.js:298:28)
    at new Promise (&lt;anonymous&gt;)
    at callAsyncCircusFn (/Users/piotr/Desktop/Kodowanie/zadania itTicket/exercise-project/node_modules/jest-circus/build/utils.js:231:10)
    at _callCircusTest (/Users/piotr/Desktop/Kodowanie/zadania itTicket/exercise-project/node_modules/jest-circus/build/run.js:316:40)
    at processTicksAndRejections (node:internal/process/task_queues:96:5)
    at _runTest (/Users/piotr/Desktop/Kodowanie/zadania itTicket/exercise-project/node_modules/jest-circus/build/run.js:252:3)
    at _runTestsForDescribeBlock (/Users/piotr/Desktop/Kodowanie/zadania itTicket/exercise-project/node_modules/jest-circus/build/run.js:126:9)
    at run (/Users/piotr/Desktop/Kodowanie/zadania itTicket/exercise-project/node_modules/jest-circus/build/run.js:71:3)
    at runAndTransformResultsToJestFormat (/Users/piotr/Desktop/Kodowanie/zadania itTicket/exercise-project/node_modules/jest-circus/build/legacy-code-todo-rewrite/jestAdapterInit.js:122:21)
    at jestAdapter (/Users/piotr/Desktop/Kodowanie/zadania itTicket/exercise-project/node_modules/jest-circus/build/legacy-code-todo-rewrite/jestAdapter.js:79:19)
    at runTestInternal (/Users/piotr/Desktop/Kodowanie/zadania itTicket/exercise-project/node_modules/jest-runner/build/runTest.js:367:16)
    at runTest (/Users/piotr/Desktop/Kodowanie/zadania itTicket/exercise-project/node_modules/jest-runner/build/runTest.js:444:34)</failure>
    </testcase>
    <testcase classname=" division works correctly" name=" division works correctly" time="0.001">
    </testcase>
    <testcase classname=" factorial computes correctly" name=" factorial computes correctly" time="0.002">
    </testcase>
    <testcase classname=" fibonacci sequence works correctly" name=" fibonacci sequence works correctly" time="0.001">
    </testcase>
    <testcase classname=" isPrime determines primality correctly" name=" isPrime determines primality correctly" time="0.001">
    </testcase>
  </testsuite>
</testsuites>