<?xml version="1.0" encoding="UTF-8"?>
<coverage generated="1694176524464" clover="3.2.0">
  <project timestamp="1694176524464" name="All files">
    <metrics statements="50" coveredstatements="47" conditionals="19" coveredconditionals="14" methods="12" coveredmethods="12" elements="81" coveredelements="73" complexity="0" loc="50" ncloc="50" packages="1" files="1" classes="1"/>
    <file name="math-operations.helpers.ts" path="/Users/piotr/Desktop/Kodowanie/zadania itTicket/exercise-project/src/helpers/math-operations.helpers.ts">
      <metrics statements="50" coveredstatements="47" conditionals="19" coveredconditionals="14" methods="12" coveredmethods="12"/>
      <line num="1" count="11" type="stmt"/>
      <line num="18" count="1" type="stmt"/>
      <line num="19" count="10" type="cond" truecount="0" falsecount="1"/>
      <line num="20" count="0" type="stmt"/>
      <line num="23" count="10" type="cond" truecount="1" falsecount="0"/>
      <line num="24" count="4" type="stmt"/>
      <line num="27" count="6" type="stmt"/>
      <line num="30" count="1" type="stmt"/>
      <line num="31" count="4" type="stmt"/>
      <line num="33" count="4" type="cond" truecount="1" falsecount="0"/>
      <line num="34" count="1" type="stmt"/>
      <line num="37" count="1" type="stmt"/>
      <line num="40" count="1" type="stmt"/>
      <line num="41" count="3" type="stmt"/>
      <line num="42" count="3" type="stmt"/>
      <line num="45" count="1" type="stmt"/>
      <line num="46" count="2" type="stmt"/>
      <line num="47" count="2" type="stmt"/>
      <line num="50" count="1" type="stmt"/>
      <line num="51" count="2" type="stmt"/>
      <line num="52" count="2" type="stmt"/>
      <line num="56" count="1" type="stmt"/>
      <line num="57" count="2" type="cond" truecount="1" falsecount="0"/>
      <line num="58" count="1" type="stmt"/>
      <line num="59" count="1" type="stmt"/>
      <line num="62" count="1" type="stmt"/>
      <line num="63" count="3" type="cond" truecount="3" falsecount="0"/>
      <line num="64" count="1" type="cond" truecount="0" falsecount="1"/>
      <line num="66" count="1" type="stmt"/>
      <line num="67" count="1" type="stmt"/>
      <line num="68" count="4" type="stmt"/>
      <line num="71" count="1" type="stmt"/>
      <line num="74" count="1" type="stmt"/>
      <line num="75" count="3" type="cond" truecount="3" falsecount="0"/>
      <line num="77" count="2" type="stmt"/>
      <line num="78" count="2" type="stmt"/>
      <line num="80" count="2" type="stmt"/>
      <line num="81" count="4" type="stmt"/>
      <line num="82" count="4" type="stmt"/>
      <line num="83" count="4" type="stmt"/>
      <line num="86" count="2" type="stmt"/>
      <line num="91" count="1" type="stmt"/>
      <line num="92" count="4" type="cond" truecount="1" falsecount="0"/>
      <line num="93" count="3" type="cond" truecount="1" falsecount="0"/>
      <line num="95" count="2" type="cond" truecount="3" falsecount="0"/>
      <line num="97" count="1" type="stmt"/>
      <line num="98" count="1" type="stmt"/>
      <line num="99" count="0" type="cond" truecount="0" falsecount="3"/>
      <line num="100" count="0" type="stmt"/>
      <line num="103" count="1" type="stmt"/>
    </file>
  </project>
</coverage>
