{"/Users/piotr/Desktop/Kodowanie/zadania itTicket/exercise-project/src/helpers/math-operations.helpers.ts": {"path":"/Users/piotr/Desktop/Kodowanie/zadania itTicket/exercise-project/src/helpers/math-operations.helpers.ts","statementMap":{"0":{"start":{"line":1,"column":25},"end":{"line":1,"column":68}},"1":{"start":{"line":1,"column":53},"end":{"line":1,"column":68}},"2":{"start":{"line":1,"column":13},"end":{"line":1,"column":25}},"3":{"start":{"line":18,"column":30},"end":{"line":28,"column":1}},"4":{"start":{"line":19,"column":4},"end":{"line":21,"column":null}},"5":{"start":{"line":20,"column":8},"end":{"line":20,"column":40}},"6":{"start":{"line":23,"column":4},"end":{"line":25,"column":null}},"7":{"start":{"line":24,"column":8},"end":{"line":24,"column":49}},"8":{"start":{"line":27,"column":4},"end":{"line":27,"column":26}},"9":{"start":{"line":18,"column":13},"end":{"line":18,"column":30}},"10":{"start":{"line":30,"column":32},"end":{"line":38,"column":1}},"11":{"start":{"line":31,"column":17},"end":{"line":31,"column":60}},"12":{"start":{"line":31,"column":42},"end":{"line":31,"column":59}},"13":{"start":{"line":33,"column":4},"end":{"line":35,"column":null}},"14":{"start":{"line":33,"column":25},"end":{"line":33,"column":35}},"15":{"start":{"line":34,"column":8},"end":{"line":34,"column":70}},"16":{"start":{"line":37,"column":4},"end":{"line":37,"column":30}},"17":{"start":{"line":30,"column":13},"end":{"line":30,"column":32}},"18":{"start":{"line":40,"column":19},"end":{"line":43,"column":1}},"19":{"start":{"line":41,"column":16},"end":{"line":41,"column":21}},"20":{"start":{"line":42,"column":4},"end":{"line":42,"column":31}},"21":{"start":{"line":40,"column":13},"end":{"line":40,"column":19}},"22":{"start":{"line":45,"column":24},"end":{"line":48,"column":1}},"23":{"start":{"line":46,"column":23},"end":{"line":46,"column":28}},"24":{"start":{"line":47,"column":4},"end":{"line":47,"column":38}},"25":{"start":{"line":45,"column":13},"end":{"line":45,"column":24}},"26":{"start":{"line":50,"column":24},"end":{"line":53,"column":1}},"27":{"start":{"line":51,"column":20},"end":{"line":51,"column":25}},"28":{"start":{"line":52,"column":4},"end":{"line":52,"column":35}},"29":{"start":{"line":50,"column":13},"end":{"line":50,"column":24}},"30":{"start":{"line":56,"column":22},"end":{"line":60,"column":1}},"31":{"start":{"line":57,"column":4},"end":{"line":57,"column":66}},"32":{"start":{"line":57,"column":17},"end":{"line":57,"column":66}},"33":{"start":{"line":58,"column":21},"end":{"line":58,"column":26}},"34":{"start":{"line":59,"column":4},"end":{"line":59,"column":36}},"35":{"start":{"line":56,"column":13},"end":{"line":56,"column":22}},"36":{"start":{"line":62,"column":25},"end":{"line":72,"column":1}},"37":{"start":{"line":63,"column":4},"end":{"line":63,"column":119}},"38":{"start":{"line":63,"column":36},"end":{"line":63,"column":119}},"39":{"start":{"line":64,"column":4},"end":{"line":64,"column":86}},"40":{"start":{"line":64,"column":21},"end":{"line":64,"column":86}},"41":{"start":{"line":66,"column":25},"end":{"line":66,"column":27}},"42":{"start":{"line":67,"column":4},"end":{"line":69,"column":null}},"43":{"start":{"line":67,"column":25},"end":{"line":67,"column":26}},"44":{"start":{"line":68,"column":8},"end":{"line":68,"column":28}},"45":{"start":{"line":71,"column":4},"end":{"line":71,"column":18}},"46":{"start":{"line":62,"column":13},"end":{"line":62,"column":25}},"47":{"start":{"line":74,"column":25},"end":{"line":87,"column":1}},"48":{"start":{"line":75,"column":4},"end":{"line":75,"column":124}},"49":{"start":{"line":75,"column":32},"end":{"line":75,"column":124}},"50":{"start":{"line":77,"column":20},"end":{"line":77,"column":22}},"51":{"start":{"line":78,"column":20},"end":{"line":78,"column":22}},"52":{"start":{"line":80,"column":4},"end":{"line":84,"column":null}},"53":{"start":{"line":80,"column":17},"end":{"line":80,"column":18}},"54":{"start":{"line":81,"column":21},"end":{"line":81,"column":22}},"55":{"start":{"line":82,"column":8},"end":{"line":82,"column":14}},"56":{"start":{"line":83,"column":8},"end":{"line":83,"column":21}},"57":{"start":{"line":86,"column":4},"end":{"line":86,"column":13}},"58":{"start":{"line":74,"column":13},"end":{"line":74,"column":25}},"59":{"start":{"line":91,"column":23},"end":{"line":104,"column":1}},"60":{"start":{"line":92,"column":4},"end":{"line":92,"column":31}},"61":{"start":{"line":92,"column":18},"end":{"line":92,"column":31}},"62":{"start":{"line":93,"column":4},"end":{"line":93,"column":30}},"63":{"start":{"line":93,"column":18},"end":{"line":93,"column":30}},"64":{"start":{"line":95,"column":4},"end":{"line":95,"column":53}},"65":{"start":{"line":95,"column":40},"end":{"line":95,"column":53}},"66":{"start":{"line":97,"column":12},"end":{"line":97,"column":13}},"67":{"start":{"line":98,"column":4},"end":{"line":101,"column":null}},"68":{"start":{"line":99,"column":8},"end":{"line":99,"column":63}},"69":{"start":{"line":99,"column":50},"end":{"line":99,"column":63}},"70":{"start":{"line":100,"column":8},"end":{"line":100,"column":15}},"71":{"start":{"line":103,"column":4},"end":{"line":103,"column":16}},"72":{"start":{"line":91,"column":13},"end":{"line":91,"column":23}}},"fnMap":{"0":{"name":"(anonymous_0)","decl":{"start":{"line":1,"column":25},"end":{"line":1,"column":26}},"loc":{"start":{"line":1,"column":53},"end":{"line":1,"column":68}}},"1":{"name":"(anonymous_1)","decl":{"start":{"line":18,"column":30},"end":{"line":18,"column":31}},"loc":{"start":{"line":18,"column":76},"end":{"line":28,"column":1}}},"2":{"name":"(anonymous_2)","decl":{"start":{"line":30,"column":32},"end":{"line":30,"column":33}},"loc":{"start":{"line":30,"column":148},"end":{"line":38,"column":1}}},"3":{"name":"(anonymous_3)","decl":{"start":{"line":31,"column":33},"end":{"line":31,"column":38}},"loc":{"start":{"line":31,"column":42},"end":{"line":31,"column":59}}},"4":{"name":"(anonymous_4)","decl":{"start":{"line":33,"column":18},"end":{"line":33,"column":21}},"loc":{"start":{"line":33,"column":25},"end":{"line":33,"column":35}}},"5":{"name":"(anonymous_5)","decl":{"start":{"line":40,"column":19},"end":{"line":40,"column":20}},"loc":{"start":{"line":40,"column":72},"end":{"line":43,"column":1}}},"6":{"name":"(anonymous_6)","decl":{"start":{"line":45,"column":24},"end":{"line":45,"column":25}},"loc":{"start":{"line":45,"column":77},"end":{"line":48,"column":1}}},"7":{"name":"(anonymous_7)","decl":{"start":{"line":50,"column":24},"end":{"line":50,"column":25}},"loc":{"start":{"line":50,"column":77},"end":{"line":53,"column":1}}},"8":{"name":"(anonymous_8)","decl":{"start":{"line":56,"column":22},"end":{"line":56,"column":23}},"loc":{"start":{"line":56,"column":75},"end":{"line":60,"column":1}}},"9":{"name":"(anonymous_9)","decl":{"start":{"line":62,"column":25},"end":{"line":62,"column":26}},"loc":{"start":{"line":62,"column":49},"end":{"line":72,"column":1}}},"10":{"name":"(anonymous_10)","decl":{"start":{"line":74,"column":25},"end":{"line":74,"column":26}},"loc":{"start":{"line":74,"column":47},"end":{"line":87,"column":1}}},"11":{"name":"(anonymous_11)","decl":{"start":{"line":91,"column":23},"end":{"line":91,"column":24}},"loc":{"start":{"line":91,"column":39},"end":{"line":104,"column":1}}}},"branchMap":{"0":{"loc":{"start":{"line":19,"column":4},"end":{"line":21,"column":null}},"type":"if","locations":[{"start":{"line":19,"column":4},"end":{"line":21,"column":null}}]},"1":{"loc":{"start":{"line":23,"column":4},"end":{"line":25,"column":null}},"type":"if","locations":[{"start":{"line":23,"column":4},"end":{"line":25,"column":null}}]},"2":{"loc":{"start":{"line":33,"column":4},"end":{"line":35,"column":null}},"type":"if","locations":[{"start":{"line":33,"column":4},"end":{"line":35,"column":null}}]},"3":{"loc":{"start":{"line":57,"column":4},"end":{"line":57,"column":66}},"type":"if","locations":[{"start":{"line":57,"column":4},"end":{"line":57,"column":66}}]},"4":{"loc":{"start":{"line":63,"column":4},"end":{"line":63,"column":119}},"type":"if","locations":[{"start":{"line":63,"column":4},"end":{"line":63,"column":119}}]},"5":{"loc":{"start":{"line":63,"column":8},"end":{"line":63,"column":34}},"type":"binary-expr","locations":[{"start":{"line":63,"column":8},"end":{"line":63,"column":23}},{"start":{"line":63,"column":27},"end":{"line":63,"column":34}}]},"6":{"loc":{"start":{"line":64,"column":4},"end":{"line":64,"column":86}},"type":"if","locations":[{"start":{"line":64,"column":4},"end":{"line":64,"column":86}}]},"7":{"loc":{"start":{"line":75,"column":4},"end":{"line":75,"column":124}},"type":"if","locations":[{"start":{"line":75,"column":4},"end":{"line":75,"column":124}}]},"8":{"loc":{"start":{"line":75,"column":8},"end":{"line":75,"column":30}},"type":"binary-expr","locations":[{"start":{"line":75,"column":8},"end":{"line":75,"column":21}},{"start":{"line":75,"column":25},"end":{"line":75,"column":30}}]},"9":{"loc":{"start":{"line":92,"column":4},"end":{"line":92,"column":31}},"type":"if","locations":[{"start":{"line":92,"column":4},"end":{"line":92,"column":31}}]},"10":{"loc":{"start":{"line":93,"column":4},"end":{"line":93,"column":30}},"type":"if","locations":[{"start":{"line":93,"column":4},"end":{"line":93,"column":30}}]},"11":{"loc":{"start":{"line":95,"column":4},"end":{"line":95,"column":53}},"type":"if","locations":[{"start":{"line":95,"column":4},"end":{"line":95,"column":53}}]},"12":{"loc":{"start":{"line":95,"column":8},"end":{"line":95,"column":38}},"type":"binary-expr","locations":[{"start":{"line":95,"column":8},"end":{"line":95,"column":21}},{"start":{"line":95,"column":25},"end":{"line":95,"column":38}}]},"13":{"loc":{"start":{"line":99,"column":8},"end":{"line":99,"column":63}},"type":"if","locations":[{"start":{"line":99,"column":8},"end":{"line":99,"column":63}}]},"14":{"loc":{"start":{"line":99,"column":12},"end":{"line":99,"column":48}},"type":"binary-expr","locations":[{"start":{"line":99,"column":12},"end":{"line":99,"column":25}},{"start":{"line":99,"column":29},"end":{"line":99,"column":48}}]}},"s":{"0":1,"1":11,"2":1,"3":1,"4":10,"5":0,"6":10,"7":4,"8":6,"9":1,"10":1,"11":2,"12":4,"13":2,"14":4,"15":1,"16":1,"17":1,"18":1,"19":3,"20":3,"21":1,"22":1,"23":2,"24":2,"25":1,"26":1,"27":2,"28":2,"29":1,"30":1,"31":2,"32":1,"33":1,"34":1,"35":1,"36":1,"37":3,"38":2,"39":1,"40":0,"41":1,"42":1,"43":1,"44":4,"45":1,"46":1,"47":1,"48":3,"49":1,"50":2,"51":2,"52":2,"53":2,"54":4,"55":4,"56":4,"57":2,"58":1,"59":1,"60":4,"61":1,"62":3,"63":1,"64":2,"65":1,"66":1,"67":1,"68":0,"69":0,"70":0,"71":1,"72":1},"f":{"0":11,"1":10,"2":2,"3":4,"4":4,"5":3,"6":2,"7":2,"8":2,"9":3,"10":3,"11":4},"b":{"0":[0],"1":[4],"2":[1],"3":[1],"4":[2],"5":[3,2],"6":[0],"7":[1],"8":[3,3],"9":[1],"10":[1],"11":[1],"12":[2,1],"13":[0],"14":[0,0]}}
}
