TN:
SF:src/helpers/math-operations.helpers.ts
FN:1,(anonymous_0)
FN:18,(anonymous_1)
FN:30,(anonymous_2)
FN:31,(anonymous_3)
FN:33,(anonymous_4)
FN:40,(anonymous_5)
FN:45,(anonymous_6)
FN:50,(anonymous_7)
FN:56,(anonymous_8)
FN:62,(anonymous_9)
FN:74,(anonymous_10)
FN:91,(anonymous_11)
FNF:12
FNH:12
FNDA:11,(anonymous_0)
FNDA:10,(anonymous_1)
FNDA:2,(anonymous_2)
FNDA:4,(anonymous_3)
FNDA:4,(anonymous_4)
FNDA:3,(anonymous_5)
FNDA:2,(anonymous_6)
FNDA:2,(anonymous_7)
FNDA:2,(anonymous_8)
FNDA:3,(anonymous_9)
FNDA:3,(anonymous_10)
FNDA:4,(anonymous_11)
DA:1,11
DA:18,1
DA:19,10
DA:20,0
DA:23,10
DA:24,4
DA:27,6
DA:30,1
DA:31,4
DA:33,4
DA:34,1
DA:37,1
DA:40,1
DA:41,3
DA:42,3
DA:45,1
DA:46,2
DA:47,2
DA:50,1
DA:51,2
DA:52,2
DA:56,1
DA:57,2
DA:58,1
DA:59,1
DA:62,1
DA:63,3
DA:64,1
DA:66,1
DA:67,1
DA:68,4
DA:71,1
DA:74,1
DA:75,3
DA:77,2
DA:78,2
DA:80,2
DA:81,4
DA:82,4
DA:83,4
DA:86,2
DA:91,1
DA:92,4
DA:93,3
DA:95,2
DA:97,1
DA:98,1
DA:99,0
DA:100,0
DA:103,1
LF:50
LH:47
BRDA:19,0,0,0
BRDA:23,1,0,4
BRDA:33,2,0,1
BRDA:57,3,0,1
BRDA:63,4,0,2
BRDA:63,5,0,3
BRDA:63,5,1,2
BRDA:64,6,0,0
BRDA:75,7,0,1
BRDA:75,8,0,3
BRDA:75,8,1,3
BRDA:92,9,0,1
BRDA:93,10,0,1
BRDA:95,11,0,1
BRDA:95,12,0,2
BRDA:95,12,1,1
BRDA:99,13,0,0
BRDA:99,14,0,0
BRDA:99,14,1,0
BRF:19
BRH:14
end_of_record
